生成启动时间为 2017/3/26 18:05:29。
     1>项目“C:\Users\Stefan\Desktop\代码\SeamCarving\SeamCarving.vcxproj”在节点 2 上(Build 个目标)。
     1>ClCompile:
         F:\VS2013\VC\bin\CL.exe /c /ZI /nologo /W3 /WX- /Od /Oy- /D _MBCS /Gm /EHsc /RTC1 /MDd /GS /fp:precise /Zc:wchar_t /Zc:forScope /Fo"Debug\\" /Fd"Debug\vc120.pdb" /Gd /TP /analyze- /errorReport:prompt main.cpp
         main.cpp
     1>c:\users\stefan\desktop\代码\seamcarving\main.cpp(76): warning C4244: “=”: 从“int”转换到“float”，可能丢失数据
     1>c:\users\stefan\desktop\代码\seamcarving\main.cpp(127): warning C4244: “=”: 从“int”转换到“float”，可能丢失数据
     1>c:\users\stefan\desktop\代码\seamcarving\main.cpp(164): warning C4244: “=”: 从“int”转换到“float”，可能丢失数据
     1>c:\users\stefan\desktop\代码\seamcarving\main.cpp(170): warning C4244: “初始化”: 从“const float”转换到“int”，可能丢失数据
     1>c:\users\stefan\desktop\代码\seamcarving\main.cpp(181): warning C4244: “=”: 从“int”转换到“float”，可能丢失数据
     1>c:\users\stefan\desktop\代码\seamcarving\main.cpp(203): warning C4244: “=”: 从“int”转换到“float”，可能丢失数据
     1>c:\users\stefan\desktop\代码\seamcarving\main.cpp(209): warning C4244: “初始化”: 从“const float”转换到“int”，可能丢失数据
     1>c:\users\stefan\desktop\代码\seamcarving\main.cpp(220): warning C4244: “=”: 从“int”转换到“float”，可能丢失数据
     1>c:\users\stefan\desktop\代码\seamcarving\main.cpp(231): warning C4244: “初始化”: 从“float”转换到“int”，可能丢失数据
     1>c:\users\stefan\desktop\代码\seamcarving\main.cpp(264): warning C4244: “初始化”: 从“float”转换到“int”，可能丢失数据
     1>c:\users\stefan\desktop\代码\seamcarving\main.cpp(321): warning C4244: “初始化”: 从“float”转换到“int”，可能丢失数据
     1>c:\users\stefan\desktop\代码\seamcarving\main.cpp(344): warning C4244: “初始化”: 从“float”转换到“int”，可能丢失数据
     1>c:\users\stefan\desktop\代码\seamcarving\main.cpp(368): warning C4244: “初始化”: 从“float”转换到“int”，可能丢失数据
     1>c:\users\stefan\desktop\代码\seamcarving\main.cpp(412): warning C4258: “i”: 忽略 For 循环中的定义；使用封闭范围中的定义
                 c:\users\stefan\desktop\代码\seamcarving\main.cpp(403) : 忽略“i”的定义
                 c:\users\stefan\desktop\代码\seamcarving\main.cpp(382) : 使用“i”的定义
       Link:
         F:\VS2013\VC\bin\link.exe /ERRORREPORT:PROMPT /OUT:"C:\Users\Stefan\Desktop\代码\Debug\SeamCarving.exe" /NOLOGO opencv_ml249d.lib opencv_calib3d249d.lib opencv_contrib249d.lib opencv_core249d.lib opencv_features2d249d.lib opencv_flann249d.lib opencv_gpu249d.lib opencv_highgui249d.lib opencv_imgproc249d.lib opencv_legacy249d.lib opencv_objdetect249d.lib opencv_ts249d.lib opencv_video249d.lib opencv_nonfree249d.lib opencv_ocl249d.lib opencv_photo249d.lib opencv_stitching249d.lib opencv_superres249d.lib opencv_videostab249d.lib kernel32.lib user32.lib gdi32.lib winspool.lib comdlg32.lib advapi32.lib shell32.lib ole32.lib oleaut32.lib uuid.lib odbc32.lib odbccp32.lib /MANIFEST /MANIFESTUAC:"level='asInvoker' uiAccess='false'" /manifest:embed /DEBUG /PDB:"C:\Users\Stefan\Desktop\代码\Debug\SeamCarving.pdb" /TLBID:1 /DYNAMICBASE /NXCOMPAT /IMPLIB:"C:\Users\Stefan\Desktop\代码\Debug\SeamCarving.lib" /MACHINE:X86 /SAFESEH Debug\main.obj
         SeamCarving.vcxproj -> C:\Users\Stefan\Desktop\代码\Debug\SeamCarving.exe
     1>已完成生成项目“C:\Users\Stefan\Desktop\代码\SeamCarving\SeamCarving.vcxproj”(Build 个目标)的操作。

生成成功。

已用时间 00:00:02.11
