生成启动时间为 2017/3/22 21:42:47。
     1>项目“C:\Users\Stefan\Desktop\代码\SeamCarving\SeamCarving.vcxproj”在节点 2 上(Build 个目标)。
     1>ClCompile:
         F:\VS2013\VC\bin\CL.exe /c /Zi /nologo /W3 /WX- /O2 /Oi /Oy- /GL /D _MBCS /Gm- /EHsc /MD /GS /Gy /fp:precise /Zc:wchar_t /Zc:forScope /Fo"Release\\" /Fd"Release\vc120.pdb" /Gd /TP /analyze- /errorReport:prompt main.cpp
         main.cpp
     1>main.cpp(38): warning C4244: “=”: 从“int”转换到“float”，可能丢失数据
     1>main.cpp(75): warning C4244: “=”: 从“int”转换到“float”，可能丢失数据
     1>main.cpp(81): warning C4244: “初始化”: 从“const float”转换到“int”，可能丢失数据
     1>main.cpp(92): warning C4244: “=”: 从“int”转换到“float”，可能丢失数据
     1>main.cpp(103): warning C4244: “初始化”: 从“float”转换到“int”，可能丢失数据
     1>main.cpp(166): warning C4244: “初始化”: 从“float”转换到“int”，可能丢失数据
     1>main.cpp(190): warning C4244: “初始化”: 从“float”转换到“int”，可能丢失数据
     1>main.cpp(214): warning C4244: “初始化”: 从“float”转换到“int”，可能丢失数据
     1>main.cpp(226): warning C4129: “C”: 不可识别的字符转义序列
     1>main.cpp(226): warning C4129: “F”: 不可识别的字符转义序列
     1>main.cpp(226): warning C4129: “A”: 不可识别的字符转义序列
       Link:
         F:\VS2013\VC\bin\link.exe /ERRORREPORT:PROMPT /OUT:"C:\Users\Stefan\Desktop\代码\Release\SeamCarving.exe" /NOLOGO opencv_ml249d.lib opencv_calib3d249d.lib opencv_contrib249d.lib opencv_core249d.lib opencv_features2d249d.lib opencv_flann249d.lib opencv_gpu249d.lib opencv_highgui249d.lib opencv_imgproc249d.lib opencv_legacy249d.lib opencv_objdetect249d.lib opencv_ts249d.lib opencv_video249d.lib opencv_nonfree249d.lib opencv_ocl249d.lib opencv_photo249d.lib opencv_stitching249d.lib opencv_superres249d.lib opencv_videostab249d.lib kernel32.lib user32.lib gdi32.lib winspool.lib comdlg32.lib advapi32.lib shell32.lib ole32.lib oleaut32.lib uuid.lib odbc32.lib odbccp32.lib /MANIFEST /MANIFESTUAC:"level='asInvoker' uiAccess='false'" /manifest:embed /DEBUG /PDB:"C:\Users\Stefan\Desktop\代码\Release\SeamCarving.pdb" /OPT:REF /OPT:ICF /LTCG /TLBID:1 /DYNAMICBASE /NXCOMPAT /IMPLIB:"C:\Users\Stefan\Desktop\代码\Release\SeamCarving.lib" /MACHINE:X86 /SAFESEH Release\main.obj
         正在生成代码
         已完成代码的生成
         SeamCarving.vcxproj -> C:\Users\Stefan\Desktop\代码\Release\SeamCarving.exe
     1>已完成生成项目“C:\Users\Stefan\Desktop\代码\SeamCarving\SeamCarving.vcxproj”(Build 个目标)的操作。

生成成功。

已用时间 00:00:01.19
